Started GET "/" for 127.0.0.1 at 2019-10-01 12:34:27 -0300
  
ActiveRecord::NoDatabaseError (FATAL:  database "carro2_development" does not exist
):
  
activerecord (5.1.3) lib/active_record/connection_adapters/postgresql_adapter.rb:699:in `rescue in connect'
activerecord (5.1.3) lib/active_record/connection_adapters/postgresql_adapter.rb:694:in `connect'
activerecord (5.1.3) lib/active_record/connection_adapters/postgresql_adapter.rb:220:in `initialize'
activerecord (5.1.3) lib/active_record/connection_adapters/postgresql_adapter.rb:38:in `new'
activerecord (5.1.3) lib/active_record/connection_adapters/postgresql_adapter.rb:38:in `postgresql_connection'
activerecord (5.1.3) lib/active_record/connection_adapters/abstract/connection_pool.rb:759:in `new_connection'
activerecord (5.1.3) lib/active_record/connection_adapters/abstract/connection_pool.rb:803:in `checkout_new_connection'
activerecord (5.1.3) lib/active_record/connection_adapters/abstract/connection_pool.rb:782:in `try_to_checkout_new_connection'
activerecord (5.1.3) lib/active_record/connection_adapters/abstract/connection_pool.rb:743:in `acquire_connection'
activerecord (5.1.3) lib/active_record/connection_adapters/abstract/connection_pool.rb:500:in `checkout'
activerecord (5.1.3) lib/active_record/connection_adapters/abstract/connection_pool.rb:374:in `connection'
activerecord (5.1.3) lib/active_record/connection_adapters/abstract/connection_pool.rb:931:in `retrieve_connection'
activerecord (5.1.3) lib/active_record/connection_handling.rb:116:in `retrieve_connection'
activerecord (5.1.3) lib/active_record/connection_handling.rb:88:in `connection'
activerecord (5.1.3) lib/active_record/migration.rb:562:in `connection'
activerecord (5.1.3) lib/active_record/migration.rb:553:in `call'
actionpack (5.1.3) lib/action_dispatch/middleware/callbacks.rb:26:in `block in call'
activesupport (5.1.3) lib/active_support/callbacks.rb:97:in `run_callbacks'
actionpack (5.1.3) lib/action_dispatch/middleware/callbacks.rb:24:in `call'
actionpack (5.1.3) lib/action_dispatch/middleware/executor.rb:12:in `call'
actionpack (5.1.3) lib/action_dispatch/middleware/debug_exceptions.rb:59:in `call'
web-console (3.5.1) lib/web_console/middleware.rb:135:in `call_app'
web-console (3.5.1) lib/web_console/middleware.rb:28:in `block in call'
web-console (3.5.1) lib/web_console/middleware.rb:18:in `catch'
web-console (3.5.1) lib/web_console/middleware.rb:18:in `call'
actionpack (5.1.3) lib/action_dispatch/middleware/show_exceptions.rb:31:in `call'
railties (5.1.3) lib/rails/rack/logger.rb:36:in `call_app'
railties (5.1.3) lib/rails/rack/logger.rb:24:in `block in call'
activesupport (5.1.3) lib/active_support/tagged_logging.rb:69:in `block in tagged'
activesupport (5.1.3) lib/active_support/tagged_logging.rb:26:in `tagged'
activesupport (5.1.3) lib/active_support/tagged_logging.rb:69:in `tagged'
railties (5.1.3) lib/rails/rack/logger.rb:24:in `call'
sprockets-rails (3.2.0) lib/sprockets/rails/quiet_assets.rb:13:in `call'
actionpack (5.1.3) lib/action_dispatch/middleware/remote_ip.rb:79:in `call'
actionpack (5.1.3) lib/action_dispatch/middleware/request_id.rb:25:in `call'
rack (2.0.3) lib/rack/method_override.rb:22:in `call'
rack (2.0.3) lib/rack/runtime.rb:22:in `call'
activesupport (5.1.3) lib/active_support/cache/strategy/local_cache_middleware.rb:27:in `call'
actionpack (5.1.3) lib/action_dispatch/middleware/executor.rb:12:in `call'
actionpack (5.1.3) lib/action_dispatch/middleware/static.rb:125:in `call'
rack (2.0.3) lib/rack/sendfile.rb:111:in `call'
railties (5.1.3) lib/rails/engine.rb:522:in `call'
puma (3.9.1) lib/puma/configuration.rb:224:in `call'
puma (3.9.1) lib/puma/server.rb:602:in `handle_request'
puma (3.9.1) lib/puma/server.rb:435:in `process_client'
puma (3.9.1) lib/puma/server.rb:299:in `block in run'
puma (3.9.1) lib/puma/thread_pool.rb:120:in `block in spawn_thread'
  [1m[35m (251.2ms)[0m  [1m[35mCREATE TABLE "schema_migrations" ("version" character varying NOT NULL PRIMARY KEY)[0m
  [1m[35m (89.2ms)[0m  [1m[35mCREATE TABLE "ar_internal_metadata" ("key" character varying NOT NULL PRIMARY KEY, "value" character varying, "created_at" timestamp NOT NULL, "updated_at" timestamp NOT NULL)[0m
  [1m[35m (0.6ms)[0m  [1m[34mSELECT pg_try_advisory_lock(1683213154861075425)[0m
  [1m[35m (1.2ms)[0m  [1m[34mSELECT "schema_migrations"."version" FROM "schema_migrations" ORDER BY "schema_migrations"."version" ASC[0m
Migrating to DeviseCreateUsers (20170814152349)
  [1m[35m (0.4ms)[0m  [1m[35mBEGIN[0m
  [1m[35m (68.5ms)[0m  [1m[35mCREATE TABLE "users" ("id" bigserial primary key, "email" character varying DEFAULT '' NOT NULL, "encrypted_password" character varying DEFAULT '' NOT NULL, "reset_password_token" character varying, "reset_password_sent_at" timestamp, "remember_created_at" timestamp, "sign_in_count" integer DEFAULT 0 NOT NULL, "current_sign_in_at" timestamp, "last_sign_in_at" timestamp, "current_sign_in_ip" inet, "last_sign_in_ip" inet, "name" character varying, "created_at" timestamp NOT NULL, "updated_at" timestamp NOT NULL)[0m
  [1m[35m (57.7ms)[0m  [1m[35mCREATE UNIQUE INDEX  "index_users_on_email" ON "users"  ("email")[0m
  [1m[35m (38.8ms)[0m  [1m[35mCREATE UNIQUE INDEX  "index_users_on_reset_password_token" ON "users"  ("reset_password_token")[0m
  [1m[35mSQL (1.1ms)[0m  [1m[32mINSERT INTO "schema_migrations" ("version") VALUES ($1) RETURNING "version"[0m  [["version", "20170814152349"]]
  [1m[35m (17.5ms)[0m  [1m[35mCOMMIT[0m
Migrating to CreateProducts (20170814152945)
  [1m[35m (0.5ms)[0m  [1m[35mBEGIN[0m
  [1m[35m (74.3ms)[0m  [1m[35mCREATE TABLE "products" ("id" bigserial primary key, "name" character varying, "photo" character varying, "price" integer, "created_at" timestamp NOT NULL, "updated_at" timestamp NOT NULL)[0m
  [1m[35mSQL (0.8ms)[0m  [1m[32mINSERT INTO "schema_migrations" ("version") VALUES ($1) RETURNING "version"[0m  [["version", "20170814152945"]]
  [1m[35m (12.2ms)[0m  [1m[35mCOMMIT[0m
Migrating to CreateOrders (20170814154206)
  [1m[35m (0.4ms)[0m  [1m[35mBEGIN[0m
  [1m[35m (43.9ms)[0m  [1m[35mCREATE TABLE "orders" ("id" bigserial primary key, "payed" boolean DEFAULT 'f', "user_id" bigint, "product_id" bigint, "created_at" timestamp NOT NULL, "updated_at" timestamp NOT NULL, CONSTRAINT "fk_rails_f868b47f6a"
FOREIGN KEY ("user_id")
  REFERENCES "users" ("id")
, CONSTRAINT "fk_rails_dfb33b2de0"
FOREIGN KEY ("product_id")
  REFERENCES "products" ("id")
)[0m
  [1m[35m (36.3ms)[0m  [1m[35mCREATE  INDEX  "index_orders_on_user_id" ON "orders"  ("user_id")[0m
  [1m[35m (29.2ms)[0m  [1m[35mCREATE  INDEX  "index_orders_on_product_id" ON "orders"  ("product_id")[0m
  [1m[35mSQL (0.8ms)[0m  [1m[32mINSERT INTO "schema_migrations" ("version") VALUES ($1) RETURNING "version"[0m  [["version", "20170814154206"]]
  [1m[35m (13.6ms)[0m  [1m[35mCOMMIT[0m
Migrating to AddFieldsToOrder (20170825153824)
  [1m[35m (0.6ms)[0m  [1m[35mBEGIN[0m
  [1m[35m (141.5ms)[0m  [1m[35mALTER TABLE "orders" ADD "quantity" integer DEFAULT 0[0m
  [1m[35m (1.0ms)[0m  [1m[35mALTER TABLE "orders" ADD "price" integer[0m
  [1m[35mSQL (1.0ms)[0m  [1m[32mINSERT INTO "schema_migrations" ("version") VALUES ($1) RETURNING "version"[0m  [["version", "20170825153824"]]
  [1m[35m (21.2ms)[0m  [1m[35mCOMMIT[0m
  [1m[36mActiveRecord::InternalMetadata Load (0.9ms)[0m  [1m[34mSELECT  "ar_internal_metadata".* FROM "ar_internal_metadata" WHERE "ar_internal_metadata"."key" = $1 LIMIT $2[0m  [["key", "environment"], ["LIMIT", 1]]
  [1m[35m (0.4ms)[0m  [1m[35mBEGIN[0m
  [1m[35mSQL (0.8ms)[0m  [1m[32mINSERT INTO "ar_internal_metadata" ("key", "value", "created_at", "updated_at") VALUES ($1, $2, $3, $4) RETURNING "key"[0m  [["key", "environment"], ["value", "development"], ["created_at", "2019-10-01 15:51:24.427809"], ["updated_at", "2019-10-01 15:51:24.427809"]]
  [1m[35m (63.1ms)[0m  [1m[35mCOMMIT[0m
  [1m[35m (0.9ms)[0m  [1m[34mSELECT pg_advisory_unlock(1683213154861075425)[0m
  [1m[35m (0.8ms)[0m  [1m[34mSELECT "schema_migrations"."version" FROM "schema_migrations" ORDER BY "schema_migrations"."version" ASC[0m
  [1m[35m (0.5ms)[0m  [1m[34mSELECT "schema_migrations"."version" FROM "schema_migrations" ORDER BY "schema_migrations"."version" ASC[0m
  [1m[36mProduct Load (0.4ms)[0m  [1m[34mSELECT "products".* FROM "products"[0m
  [1m[35m (0.1ms)[0m  [1m[35mBEGIN[0m
  [1m[35mSQL (0.4ms)[0m  [1m[32mINSERT INTO "products" ("name", "photo", "price", "created_at", "updated_at") VALUES ($1, $2, $3, $4, $5) RETURNING "id"[0m  [["name", "Practical Wool Bottle"], ["photo", "http://lorempixel.com/400/200/technics/1/"], ["price", 40], ["created_at", "2019-10-01 15:51:34.697198"], ["updated_at", "2019-10-01 15:51:34.697198"]]
  [1m[35m (56.7ms)[0m  [1m[35mCOMMIT[0m
  [1m[35m (0.3ms)[0m  [1m[35mBEGIN[0m
  [1m[35mSQL (0.6ms)[0m  [1m[32mINSERT INTO "products" ("name", "photo", "price", "created_at", "updated_at") VALUES ($1, $2, $3, $4, $5) RETURNING "id"[0m  [["name", "Practical Paper Shoes"], ["photo", "http://lorempixel.com/400/200/technics/2/"], ["price", 47], ["created_at", "2019-10-01 15:51:34.756837"], ["updated_at", "2019-10-01 15:51:34.756837"]]
  [1m[35m (12.8ms)[0m  [1m[35mCOMMIT[0m
  [1m[35m (0.3ms)[0m  [1m[35mBEGIN[0m
  [1m[35mSQL (0.7ms)[0m  [1m[32mINSERT INTO "products" ("name", "photo", "price", "created_at", "updated_at") VALUES ($1, $2, $3, $4, $5) RETURNING "id"[0m  [["name", "Gorgeous Plastic Lamp"], ["photo", "http://lorempixel.com/400/200/technics/3/"], ["price", 68], ["created_at", "2019-10-01 15:51:34.773954"], ["updated_at", "2019-10-01 15:51:34.773954"]]
  [1m[35m (11.6ms)[0m  [1m[35mCOMMIT[0m
  [1m[35m (0.3ms)[0m  [1m[35mBEGIN[0m
  [1m[35mSQL (0.8ms)[0m  [1m[32mINSERT INTO "products" ("name", "photo", "price", "created_at", "updated_at") VALUES ($1, $2, $3, $4, $5) RETURNING "id"[0m  [["name", "Awesome Leather Coat"], ["photo", "http://lorempixel.com/400/200/technics/4/"], ["price", 11], ["created_at", "2019-10-01 15:51:34.790562"], ["updated_at", "2019-10-01 15:51:34.790562"]]
  [1m[35m (11.8ms)[0m  [1m[35mCOMMIT[0m
  [1m[35m (0.3ms)[0m  [1m[35mBEGIN[0m
  [1m[35mSQL (0.8ms)[0m  [1m[32mINSERT INTO "products" ("name", "photo", "price", "created_at", "updated_at") VALUES ($1, $2, $3, $4, $5) RETURNING "id"[0m  [["name", "Ergonomic Paper Bench"], ["photo", "http://lorempixel.com/400/200/technics/5/"], ["price", 41], ["created_at", "2019-10-01 15:51:34.807802"], ["updated_at", "2019-10-01 15:51:34.807802"]]
  [1m[35m (10.8ms)[0m  [1m[35mCOMMIT[0m
  [1m[35m (0.3ms)[0m  [1m[35mBEGIN[0m
  [1m[35mSQL (0.7ms)[0m  [1m[32mINSERT INTO "products" ("name", "photo", "price", "created_at", "updated_at") VALUES ($1, $2, $3, $4, $5) RETURNING "id"[0m  [["name", "Practical Wool Pants"], ["photo", "http://lorempixel.com/400/200/technics/6/"], ["price", 48], ["created_at", "2019-10-01 15:51:34.823411"], ["updated_at", "2019-10-01 15:51:34.823411"]]
  [1m[35m (12.7ms)[0m  [1m[35mCOMMIT[0m
  [1m[35m (0.3ms)[0m  [1m[35mBEGIN[0m
  [1m[35mSQL (0.7ms)[0m  [1m[32mINSERT INTO "products" ("name", "photo", "price", "created_at", "updated_at") VALUES ($1, $2, $3, $4, $5) RETURNING "id"[0m  [["name", "Small Leather Gloves"], ["photo", "http://lorempixel.com/400/200/technics/7/"], ["price", 83], ["created_at", "2019-10-01 15:51:34.840742"], ["updated_at", "2019-10-01 15:51:34.840742"]]
  [1m[35m (11.7ms)[0m  [1m[35mCOMMIT[0m
  [1m[35m (0.3ms)[0m  [1m[35mBEGIN[0m
  [1m[35mSQL (0.8ms)[0m  [1m[32mINSERT INTO "products" ("name", "photo", "price", "created_at", "updated_at") VALUES ($1, $2, $3, $4, $5) RETURNING "id"[0m  [["name", "Small Marble Chair"], ["photo", "http://lorempixel.com/400/200/technics/8/"], ["price", 92], ["created_at", "2019-10-01 15:51:34.857080"], ["updated_at", "2019-10-01 15:51:34.857080"]]
  [1m[35m (12.4ms)[0m  [1m[35mCOMMIT[0m
  [1m[35m (0.3ms)[0m  [1m[35mBEGIN[0m
  [1m[35mSQL (0.8ms)[0m  [1m[32mINSERT INTO "products" ("name", "photo", "price", "created_at", "updated_at") VALUES ($1, $2, $3, $4, $5) RETURNING "id"[0m  [["name", "Ergonomic Steel Computer"], ["photo", "http://lorempixel.com/400/200/technics/9/"], ["price", 69], ["created_at", "2019-10-01 15:51:34.874487"], ["updated_at", "2019-10-01 15:51:34.874487"]]
  [1m[35m (10.9ms)[0m  [1m[35mCOMMIT[0m
  [1m[35m (0.3ms)[0m  [1m[35mBEGIN[0m
  [1m[35mSQL (0.8ms)[0m  [1m[32mINSERT INTO "products" ("name", "photo", "price", "created_at", "updated_at") VALUES ($1, $2, $3, $4, $5) RETURNING "id"[0m  [["name", "Practical Copper Car"], ["photo", "http://lorempixel.com/400/200/technics/10/"], ["price", 62], ["created_at", "2019-10-01 15:51:34.890650"], ["updated_at", "2019-10-01 15:51:34.890650"]]
  [1m[35m (11.8ms)[0m  [1m[35mCOMMIT[0m
  [1m[35m (0.3ms)[0m  [1m[35mBEGIN[0m
  [1m[35mSQL (0.8ms)[0m  [1m[32mINSERT INTO "products" ("name", "photo", "price", "created_at", "updated_at") VALUES ($1, $2, $3, $4, $5) RETURNING "id"[0m  [["name", "Awesome Linen Computer"], ["photo", "http://lorempixel.com/400/200/technics/11/"], ["price", 92], ["created_at", "2019-10-01 15:51:34.907832"], ["updated_at", "2019-10-01 15:51:34.907832"]]
  [1m[35m (11.0ms)[0m  [1m[35mCOMMIT[0m
  [1m[35m (0.4ms)[0m  [1m[35mBEGIN[0m
  [1m[35mSQL (0.8ms)[0m  [1m[32mINSERT INTO "products" ("name", "photo", "price", "created_at", "updated_at") VALUES ($1, $2, $3, $4, $5) RETURNING "id"[0m  [["name", "Rustic Paper Bag"], ["photo", "http://lorempixel.com/400/200/technics/12/"], ["price", 57], ["created_at", "2019-10-01 15:51:34.924061"], ["updated_at", "2019-10-01 15:51:34.924061"]]
  [1m[35m (11.7ms)[0m  [1m[35mCOMMIT[0m
Started GET "/" for 127.0.0.1 at 2019-10-01 12:51:46 -0300
  [1m[35m (0.6ms)[0m  [1m[34mSELECT "schema_migrations"."version" FROM "schema_migrations" ORDER BY "schema_migrations"."version" ASC[0m
Processing by ProductsController#index as HTML
  Rendering products/index.html.erb within layouts/application
  [1m[35m (0.3ms)[0m  [1m[34mSELECT COUNT(*) FROM "products"[0m
  [1m[36mProduct Load (0.2ms)[0m  [1m[34mSELECT "products".* FROM "products"[0m
  Rendered products/index.html.erb within layouts/application (12.1ms)
Completed 200 OK in 1448ms (Views: 1435.9ms | ActiveRecord: 3.1ms)


Started GET "/users/sign_in" for 127.0.0.1 at 2019-10-01 12:54:12 -0300
  
SyntaxError (/home/hector/.rvm/gems/ruby-2.6.3/bundler/gems/devise-71fc5b351a8e/app/controllers/devise/sessions_controller.rb:5: syntax error, unexpected '{', expecting end
...ion only: [:create, :destroy] { request.env["devise.skip_tim...
...                              ^
/home/hector/.rvm/gems/ruby-2.6.3/bundler/gems/devise-71fc5b351a8e/app/controllers/devise/sessions_controller.rb:5: syntax error, unexpected '}', expecting end
..."devise.skip_timeout"] = true }
...                              ^):
  
/home/hector/.rvm/gems/ruby-2.6.3/bundler/gems/devise-71fc5b351a8e/app/controllers/devise/sessions_controller.rb:5: syntax error, unexpected '{', expecting end
...ion only: [:create, :destroy] { request.env["devise.skip_tim...
...                              ^
/home/hector/.rvm/gems/ruby-2.6.3/bundler/gems/devise-71fc5b351a8e/app/controllers/devise/sessions_controller.rb:5: syntax error, unexpected '}', expecting end
..."devise.skip_timeout"] = true }
...                              ^
activesupport (5.1.3) lib/active_support/dependencies.rb:476:in `load'
activesupport (5.1.3) lib/active_support/dependencies.rb:476:in `block in load_file'
activesupport (5.1.3) lib/active_support/dependencies.rb:661:in `new_constants_in'
activesupport (5.1.3) lib/active_support/dependencies.rb:475:in `load_file'
activesupport (5.1.3) lib/active_support/dependencies.rb:374:in `block in require_or_load'
activesupport (5.1.3) lib/active_support/dependencies.rb:36:in `block in load_interlock'
activesupport (5.1.3) lib/active_support/dependencies/interlock.rb:12:in `block in loading'
activesupport (5.1.3) lib/active_support/concurrency/share_lock.rb:149:in `exclusive'
activesupport (5.1.3) lib/active_support/dependencies/interlock.rb:11:in `loading'
activesupport (5.1.3) lib/active_support/dependencies.rb:36:in `load_interlock'
activesupport (5.1.3) lib/active_support/dependencies.rb:357:in `require_or_load'
activesupport (5.1.3) lib/active_support/dependencies.rb:510:in `load_missing_constant'
activesupport (5.1.3) lib/active_support/dependencies.rb:202:in `const_missing'
activesupport (5.1.3) lib/active_support/inflector/methods.rb:271:in `const_get'
activesupport (5.1.3) lib/active_support/inflector/methods.rb:271:in `block in constantize'
activesupport (5.1.3) lib/active_support/inflector/methods.rb:267:in `each'
activesupport (5.1.3) lib/active_support/inflector/methods.rb:267:in `inject'
activesupport (5.1.3) lib/active_support/inflector/methods.rb:267:in `constantize'
activesupport (5.1.3) lib/active_support/dependencies.rb:582:in `get'
activesupport (5.1.3) lib/active_support/dependencies.rb:613:in `constantize'
actionpack (5.1.3) lib/action_dispatch/http/request.rb:82:in `controller_class'
actionpack (5.1.3) lib/action_dispatch/routing/route_set.rb:43:in `controller'
actionpack (5.1.3) lib/action_dispatch/routing/route_set.rb:29:in `serve'
actionpack (5.1.3) lib/action_dispatch/routing/mapper.rb:16:in `block in <class:Constraints>'
actionpack (5.1.3) lib/action_dispatch/routing/mapper.rb:46:in `serve'
actionpack (5.1.3) lib/action_dispatch/journey/router.rb:46:in `block in serve'
actionpack (5.1.3) lib/action_dispatch/journey/router.rb:33:in `each'
actionpack (5.1.3) lib/action_dispatch/journey/router.rb:33:in `serve'
actionpack (5.1.3) lib/action_dispatch/routing/route_set.rb:834:in `call'
warden (1.2.7) lib/warden/manager.rb:36:in `block in call'
warden (1.2.7) lib/warden/manager.rb:35:in `catch'
warden (1.2.7) lib/warden/manager.rb:35:in `call'
rack (2.0.3) lib/rack/etag.rb:25:in `call'
rack (2.0.3) lib/rack/conditional_get.rb:25:in `call'
rack (2.0.3) lib/rack/head.rb:12:in `call'
rack (2.0.3) lib/rack/session/abstract/id.rb:232:in `context'
rack (2.0.3) lib/rack/session/abstract/id.rb:226:in `call'
actionpack (5.1.3) lib/action_dispatch/middleware/cookies.rb:613:in `call'
activerecord (5.1.3) lib/active_record/migration.rb:556:in `call'
actionpack (5.1.3) lib/action_dispatch/middleware/callbacks.rb:26:in `block in call'
activesupport (5.1.3) lib/active_support/callbacks.rb:97:in `run_callbacks'
actionpack (5.1.3) lib/action_dispatch/middleware/callbacks.rb:24:in `call'
actionpack (5.1.3) lib/action_dispatch/middleware/executor.rb:12:in `call'
actionpack (5.1.3) lib/action_dispatch/middleware/debug_exceptions.rb:59:in `call'
web-console (3.5.1) lib/web_console/middleware.rb:135:in `call_app'
web-console (3.5.1) lib/web_console/middleware.rb:28:in `block in call'
web-console (3.5.1) lib/web_console/middleware.rb:18:in `catch'
web-console (3.5.1) lib/web_console/middleware.rb:18:in `call'
actionpack (5.1.3) lib/action_dispatch/middleware/show_exceptions.rb:31:in `call'
railties (5.1.3) lib/rails/rack/logger.rb:36:in `call_app'
railties (5.1.3) lib/rails/rack/logger.rb:24:in `block in call'
activesupport (5.1.3) lib/active_support/tagged_logging.rb:69:in `block in tagged'
activesupport (5.1.3) lib/active_support/tagged_logging.rb:26:in `tagged'
activesupport (5.1.3) lib/active_support/tagged_logging.rb:69:in `tagged'
railties (5.1.3) lib/rails/rack/logger.rb:24:in `call'
sprockets-rails (3.2.0) lib/sprockets/rails/quiet_assets.rb:13:in `call'
actionpack (5.1.3) lib/action_dispatch/middleware/remote_ip.rb:79:in `call'
actionpack (5.1.3) lib/action_dispatch/middleware/request_id.rb:25:in `call'
rack (2.0.3) lib/rack/method_override.rb:22:in `call'
rack (2.0.3) lib/rack/runtime.rb:22:in `call'
activesupport (5.1.3) lib/active_support/cache/strategy/local_cache_middleware.rb:27:in `call'
actionpack (5.1.3) lib/action_dispatch/middleware/executor.rb:12:in `call'
actionpack (5.1.3) lib/action_dispatch/middleware/static.rb:125:in `call'
rack (2.0.3) lib/rack/sendfile.rb:111:in `call'
railties (5.1.3) lib/rails/engine.rb:522:in `call'
puma (3.9.1) lib/puma/configuration.rb:224:in `call'
puma (3.9.1) lib/puma/server.rb:602:in `handle_request'
puma (3.9.1) lib/puma/server.rb:435:in `process_client'
puma (3.9.1) lib/puma/server.rb:299:in `block in run'
puma (3.9.1) lib/puma/thread_pool.rb:120:in `block in spawn_thread'
Started GET "/" for 127.0.0.1 at 2019-10-01 12:54:28 -0300
Processing by ProductsController#index as HTML
  Rendering products/index.html.erb within layouts/application
  [1m[35m (1.4ms)[0m  [1m[34mSELECT COUNT(*) FROM "products"[0m
  [1m[36mProduct Load (0.9ms)[0m  [1m[34mSELECT "products".* FROM "products"[0m
  Rendered products/index.html.erb within layouts/application (18.2ms)
Completed 200 OK in 52ms (Views: 44.4ms | ActiveRecord: 2.2ms)


Started GET "/users/sign_up" for 127.0.0.1 at 2019-10-01 12:54:42 -0300
Processing by Devise::RegistrationsController#new as HTML
  Rendering devise/registrations/new.html.erb within layouts/application
  Rendered devise/shared/_links.html.erb (0.7ms)
  Rendered devise/registrations/new.html.erb within layouts/application (310.9ms)
Completed 200 OK in 363ms (Views: 321.8ms | ActiveRecord: 10.2ms)


Started POST "/users" for 127.0.0.1 at 2019-10-01 12:55:01 -0300
Processing by Devise::RegistrationsController#create as HTML
  Parameters: {"utf8"=>"✓", "authenticity_token"=>"JnBmoh/zAhmxep3uRaxGhdue7IlaXAn0hQQScpNbfhb5Bdz+unlLB/yjU1pYR20IgZQcL37zQxNcPdTNQGPmPA==", "user"=>{"name"=>"tito", "email"=>"q@q.cl", "password"=>"[FILTERED]", "password_confirmation"=>"[FILTERED]"}, "commit"=>"Sign up"}
  [1m[35m (0.1ms)[0m  [1m[35mBEGIN[0m
  [1m[36mUser Exists (0.6ms)[0m  [1m[34mSELECT  1 AS one FROM "users" WHERE "users"."email" = $1 LIMIT $2[0m  [["email", "q@q.cl"], ["LIMIT", 1]]
  [1m[35mSQL (0.5ms)[0m  [1m[32mINSERT INTO "users" ("email", "encrypted_password", "name", "created_at", "updated_at") VALUES ($1, $2, $3, $4, $5) RETURNING "id"[0m  [["email", "q@q.cl"], ["encrypted_password", "$2a$11$eNynI.55b3o1K3zjzu1ODOAGJx2hAAVOlg1JwaWBCRlz.NC7JUR1C"], ["name", "tito"], ["created_at", "2019-10-01 15:55:01.504156"], ["updated_at", "2019-10-01 15:55:01.504156"]]
  [1m[35m (20.0ms)[0m  [1m[35mCOMMIT[0m
  [1m[35m (0.2ms)[0m  [1m[35mBEGIN[0m
  [1m[35mSQL (0.4ms)[0m  [1m[33mUPDATE "users" SET "sign_in_count" = $1, "current_sign_in_at" = $2, "last_sign_in_at" = $3, "current_sign_in_ip" = $4, "last_sign_in_ip" = $5, "updated_at" = $6 WHERE "users"."id" = $7[0m  [["sign_in_count", 1], ["current_sign_in_at", "2019-10-01 15:55:01.525905"], ["last_sign_in_at", "2019-10-01 15:55:01.525905"], ["current_sign_in_ip", "127.0.0.1/32"], ["last_sign_in_ip", "127.0.0.1/32"], ["updated_at", "2019-10-01 15:55:01.526399"], ["id", 1]]
  [1m[35m (13.7ms)[0m  [1m[35mCOMMIT[0m
Redirected to http://localhost:3000/
Completed 302 Found in 318ms (ActiveRecord: 35.4ms)


Started GET "/" for 127.0.0.1 at 2019-10-01 12:55:01 -0300
Processing by ProductsController#index as HTML
  Rendering products/index.html.erb within layouts/application
  [1m[35m (0.2ms)[0m  [1m[34mSELECT COUNT(*) FROM "products"[0m
  [1m[36mProduct Load (0.2ms)[0m  [1m[34mSELECT "products".* FROM "products"[0m
  Rendered products/index.html.erb within layouts/application (2.7ms)
  [1m[36mUser Load (0.5ms)[0m  [1m[34mSELECT  "users".* FROM "users" WHERE "users"."id" = $1 ORDER BY "users"."id" ASC LIMIT $2[0m  [["id", 1], ["LIMIT", 1]]
Completed 200 OK in 18ms (Views: 16.6ms | ActiveRecord: 0.9ms)


Started DELETE "/users/sign_out" for 127.0.0.1 at 2019-10-01 12:55:17 -0300
  
SyntaxError (/home/hector/.rvm/gems/ruby-2.6.3/bundler/gems/devise-71fc5b351a8e/app/controllers/devise/sessions_controller.rb:5: syntax error, unexpected '{', expecting end
...ion only: [:create, :destroy] { request.env["devise.skip_tim...
...                              ^
/home/hector/.rvm/gems/ruby-2.6.3/bundler/gems/devise-71fc5b351a8e/app/controllers/devise/sessions_controller.rb:5: syntax error, unexpected '}', expecting end
..."devise.skip_timeout"] = true }
...                              ^):
  
/home/hector/.rvm/gems/ruby-2.6.3/bundler/gems/devise-71fc5b351a8e/app/controllers/devise/sessions_controller.rb:5: syntax error, unexpected '{', expecting end
...ion only: [:create, :destroy] { request.env["devise.skip_tim...
...                              ^
/home/hector/.rvm/gems/ruby-2.6.3/bundler/gems/devise-71fc5b351a8e/app/controllers/devise/sessions_controller.rb:5: syntax error, unexpected '}', expecting end
..."devise.skip_timeout"] = true }
...                              ^
activesupport (5.1.3) lib/active_support/dependencies.rb:476:in `load'
activesupport (5.1.3) lib/active_support/dependencies.rb:476:in `block in load_file'
activesupport (5.1.3) lib/active_support/dependencies.rb:661:in `new_constants_in'
activesupport (5.1.3) lib/active_support/dependencies.rb:475:in `load_file'
activesupport (5.1.3) lib/active_support/dependencies.rb:374:in `block in require_or_load'
activesupport (5.1.3) lib/active_support/dependencies.rb:36:in `block in load_interlock'
activesupport (5.1.3) lib/active_support/dependencies/interlock.rb:12:in `block in loading'
activesupport (5.1.3) lib/active_support/concurrency/share_lock.rb:149:in `exclusive'
activesupport (5.1.3) lib/active_support/dependencies/interlock.rb:11:in `loading'
activesupport (5.1.3) lib/active_support/dependencies.rb:36:in `load_interlock'
activesupport (5.1.3) lib/active_support/dependencies.rb:357:in `require_or_load'
activesupport (5.1.3) lib/active_support/dependencies.rb:510:in `load_missing_constant'
activesupport (5.1.3) lib/active_support/dependencies.rb:202:in `const_missing'
activesupport (5.1.3) lib/active_support/inflector/methods.rb:271:in `const_get'
activesupport (5.1.3) lib/active_support/inflector/methods.rb:271:in `block in constantize'
activesupport (5.1.3) lib/active_support/inflector/methods.rb:267:in `each'
activesupport (5.1.3) lib/active_support/inflector/methods.rb:267:in `inject'
activesupport (5.1.3) lib/active_support/inflector/methods.rb:267:in `constantize'
activesupport (5.1.3) lib/active_support/dependencies.rb:582:in `get'
activesupport (5.1.3) lib/active_support/dependencies.rb:613:in `constantize'
actionpack (5.1.3) lib/action_dispatch/http/request.rb:82:in `controller_class'
actionpack (5.1.3) lib/action_dispatch/routing/route_set.rb:43:in `controller'
actionpack (5.1.3) lib/action_dispatch/routing/route_set.rb:29:in `serve'
actionpack (5.1.3) lib/action_dispatch/routing/mapper.rb:16:in `block in <class:Constraints>'
actionpack (5.1.3) lib/action_dispatch/routing/mapper.rb:46:in `serve'
actionpack (5.1.3) lib/action_dispatch/journey/router.rb:46:in `block in serve'
actionpack (5.1.3) lib/action_dispatch/journey/router.rb:33:in `each'
actionpack (5.1.3) lib/action_dispatch/journey/router.rb:33:in `serve'
actionpack (5.1.3) lib/action_dispatch/routing/route_set.rb:834:in `call'
warden (1.2.7) lib/warden/manager.rb:36:in `block in call'
warden (1.2.7) lib/warden/manager.rb:35:in `catch'
warden (1.2.7) lib/warden/manager.rb:35:in `call'
rack (2.0.3) lib/rack/etag.rb:25:in `call'
rack (2.0.3) lib/rack/conditional_get.rb:38:in `call'
rack (2.0.3) lib/rack/head.rb:12:in `call'
rack (2.0.3) lib/rack/session/abstract/id.rb:232:in `context'
rack (2.0.3) lib/rack/session/abstract/id.rb:226:in `call'
actionpack (5.1.3) lib/action_dispatch/middleware/cookies.rb:613:in `call'
activerecord (5.1.3) lib/active_record/migration.rb:556:in `call'
actionpack (5.1.3) lib/action_dispatch/middleware/callbacks.rb:26:in `block in call'
activesupport (5.1.3) lib/active_support/callbacks.rb:97:in `run_callbacks'
actionpack (5.1.3) lib/action_dispatch/middleware/callbacks.rb:24:in `call'
actionpack (5.1.3) lib/action_dispatch/middleware/executor.rb:12:in `call'
actionpack (5.1.3) lib/action_dispatch/middleware/debug_exceptions.rb:59:in `call'
web-console (3.5.1) lib/web_console/middleware.rb:135:in `call_app'
web-console (3.5.1) lib/web_console/middleware.rb:28:in `block in call'
web-console (3.5.1) lib/web_console/middleware.rb:18:in `catch'
web-console (3.5.1) lib/web_console/middleware.rb:18:in `call'
actionpack (5.1.3) lib/action_dispatch/middleware/show_exceptions.rb:31:in `call'
railties (5.1.3) lib/rails/rack/logger.rb:36:in `call_app'
railties (5.1.3) lib/rails/rack/logger.rb:24:in `block in call'
activesupport (5.1.3) lib/active_support/tagged_logging.rb:69:in `block in tagged'
activesupport (5.1.3) lib/active_support/tagged_logging.rb:26:in `tagged'
activesupport (5.1.3) lib/active_support/tagged_logging.rb:69:in `tagged'
railties (5.1.3) lib/rails/rack/logger.rb:24:in `call'
sprockets-rails (3.2.0) lib/sprockets/rails/quiet_assets.rb:13:in `call'
actionpack (5.1.3) lib/action_dispatch/middleware/remote_ip.rb:79:in `call'
actionpack (5.1.3) lib/action_dispatch/middleware/request_id.rb:25:in `call'
rack (2.0.3) lib/rack/method_override.rb:22:in `call'
rack (2.0.3) lib/rack/runtime.rb:22:in `call'
activesupport (5.1.3) lib/active_support/cache/strategy/local_cache_middleware.rb:27:in `call'
actionpack (5.1.3) lib/action_dispatch/middleware/executor.rb:12:in `call'
actionpack (5.1.3) lib/action_dispatch/middleware/static.rb:125:in `call'
rack (2.0.3) lib/rack/sendfile.rb:111:in `call'
railties (5.1.3) lib/rails/engine.rb:522:in `call'
puma (3.9.1) lib/puma/configuration.rb:224:in `call'
puma (3.9.1) lib/puma/server.rb:602:in `handle_request'
puma (3.9.1) lib/puma/server.rb:435:in `process_client'
puma (3.9.1) lib/puma/server.rb:299:in `block in run'
puma (3.9.1) lib/puma/thread_pool.rb:120:in `block in spawn_thread'
Started GET "/orders" for 127.0.0.1 at 2019-10-01 12:55:33 -0300
Processing by OrdersController#index as HTML
  [1m[36mUser Load (2.3ms)[0m  [1m[34mSELECT  "users".* FROM "users" WHERE "users"."id" = $1 ORDER BY "users"."id" ASC LIMIT $2[0m  [["id", 1], ["LIMIT", 1]]
  [1m[35m (0.7ms)[0m  [1m[34mSELECT price * quantity FROM "orders" WHERE "orders"."user_id" = $1 AND "orders"."payed" = $2[0m  [["user_id", 1], ["payed", "f"]]
  Rendering orders/index.html.erb within layouts/application
  [1m[35m (0.4ms)[0m  [1m[34mSELECT COUNT(*) FROM "orders" WHERE "orders"."user_id" = $1 AND "orders"."payed" = $2[0m  [["user_id", 1], ["payed", "f"]]
  Rendered orders/index.html.erb within layouts/application (2.2ms)
Completed 200 OK in 68ms (Views: 16.4ms | ActiveRecord: 4.9ms)


Started DELETE "/users/sign_out" for 127.0.0.1 at 2019-10-01 12:55:48 -0300
  
SyntaxError (/home/hector/.rvm/gems/ruby-2.6.3/bundler/gems/devise-71fc5b351a8e/app/controllers/devise/sessions_controller.rb:5: syntax error, unexpected '{', expecting end
...ion only: [:create, :destroy] { request.env["devise.skip_tim...
...                              ^
/home/hector/.rvm/gems/ruby-2.6.3/bundler/gems/devise-71fc5b351a8e/app/controllers/devise/sessions_controller.rb:5: syntax error, unexpected '}', expecting end
..."devise.skip_timeout"] = true }
...                              ^):
  
/home/hector/.rvm/gems/ruby-2.6.3/bundler/gems/devise-71fc5b351a8e/app/controllers/devise/sessions_controller.rb:5: syntax error, unexpected '{', expecting end
...ion only: [:create, :destroy] { request.env["devise.skip_tim...
...                              ^
/home/hector/.rvm/gems/ruby-2.6.3/bundler/gems/devise-71fc5b351a8e/app/controllers/devise/sessions_controller.rb:5: syntax error, unexpected '}', expecting end
..."devise.skip_timeout"] = true }
...                              ^
activesupport (5.1.3) lib/active_support/dependencies.rb:476:in `load'
activesupport (5.1.3) lib/active_support/dependencies.rb:476:in `block in load_file'
activesupport (5.1.3) lib/active_support/dependencies.rb:661:in `new_constants_in'
activesupport (5.1.3) lib/active_support/dependencies.rb:475:in `load_file'
activesupport (5.1.3) lib/active_support/dependencies.rb:374:in `block in require_or_load'
activesupport (5.1.3) lib/active_support/dependencies.rb:36:in `block in load_interlock'
activesupport (5.1.3) lib/active_support/dependencies/interlock.rb:12:in `block in loading'
activesupport (5.1.3) lib/active_support/concurrency/share_lock.rb:149:in `exclusive'
activesupport (5.1.3) lib/active_support/dependencies/interlock.rb:11:in `loading'
activesupport (5.1.3) lib/active_support/dependencies.rb:36:in `load_interlock'
activesupport (5.1.3) lib/active_support/dependencies.rb:357:in `require_or_load'
activesupport (5.1.3) lib/active_support/dependencies.rb:510:in `load_missing_constant'
activesupport (5.1.3) lib/active_support/dependencies.rb:202:in `const_missing'
activesupport (5.1.3) lib/active_support/inflector/methods.rb:271:in `const_get'
activesupport (5.1.3) lib/active_support/inflector/methods.rb:271:in `block in constantize'
activesupport (5.1.3) lib/active_support/inflector/methods.rb:267:in `each'
activesupport (5.1.3) lib/active_support/inflector/methods.rb:267:in `inject'
activesupport (5.1.3) lib/active_support/inflector/methods.rb:267:in `constantize'
activesupport (5.1.3) lib/active_support/dependencies.rb:582:in `get'
activesupport (5.1.3) lib/active_support/dependencies.rb:613:in `constantize'
actionpack (5.1.3) lib/action_dispatch/http/request.rb:82:in `controller_class'
actionpack (5.1.3) lib/action_dispatch/routing/route_set.rb:43:in `controller'
actionpack (5.1.3) lib/action_dispatch/routing/route_set.rb:29:in `serve'
actionpack (5.1.3) lib/action_dispatch/routing/mapper.rb:16:in `block in <class:Constraints>'
actionpack (5.1.3) lib/action_dispatch/routing/mapper.rb:46:in `serve'
actionpack (5.1.3) lib/action_dispatch/journey/router.rb:46:in `block in serve'
actionpack (5.1.3) lib/action_dispatch/journey/router.rb:33:in `each'
actionpack (5.1.3) lib/action_dispatch/journey/router.rb:33:in `serve'
actionpack (5.1.3) lib/action_dispatch/routing/route_set.rb:834:in `call'
warden (1.2.7) lib/warden/manager.rb:36:in `block in call'
warden (1.2.7) lib/warden/manager.rb:35:in `catch'
warden (1.2.7) lib/warden/manager.rb:35:in `call'
rack (2.0.3) lib/rack/etag.rb:25:in `call'
rack (2.0.3) lib/rack/conditional_get.rb:38:in `call'
rack (2.0.3) lib/rack/head.rb:12:in `call'
rack (2.0.3) lib/rack/session/abstract/id.rb:232:in `context'
rack (2.0.3) lib/rack/session/abstract/id.rb:226:in `call'
actionpack (5.1.3) lib/action_dispatch/middleware/cookies.rb:613:in `call'
activerecord (5.1.3) lib/active_record/migration.rb:556:in `call'
actionpack (5.1.3) lib/action_dispatch/middleware/callbacks.rb:26:in `block in call'
activesupport (5.1.3) lib/active_support/callbacks.rb:97:in `run_callbacks'
actionpack (5.1.3) lib/action_dispatch/middleware/callbacks.rb:24:in `call'
actionpack (5.1.3) lib/action_dispatch/middleware/executor.rb:12:in `call'
actionpack (5.1.3) lib/action_dispatch/middleware/debug_exceptions.rb:59:in `call'
web-console (3.5.1) lib/web_console/middleware.rb:135:in `call_app'
web-console (3.5.1) lib/web_console/middleware.rb:28:in `block in call'
web-console (3.5.1) lib/web_console/middleware.rb:18:in `catch'
web-console (3.5.1) lib/web_console/middleware.rb:18:in `call'
actionpack (5.1.3) lib/action_dispatch/middleware/show_exceptions.rb:31:in `call'
railties (5.1.3) lib/rails/rack/logger.rb:36:in `call_app'
railties (5.1.3) lib/rails/rack/logger.rb:24:in `block in call'
activesupport (5.1.3) lib/active_support/tagged_logging.rb:69:in `block in tagged'
activesupport (5.1.3) lib/active_support/tagged_logging.rb:26:in `tagged'
activesupport (5.1.3) lib/active_support/tagged_logging.rb:69:in `tagged'
railties (5.1.3) lib/rails/rack/logger.rb:24:in `call'
sprockets-rails (3.2.0) lib/sprockets/rails/quiet_assets.rb:13:in `call'
actionpack (5.1.3) lib/action_dispatch/middleware/remote_ip.rb:79:in `call'
actionpack (5.1.3) lib/action_dispatch/middleware/request_id.rb:25:in `call'
rack (2.0.3) lib/rack/method_override.rb:22:in `call'
rack (2.0.3) lib/rack/runtime.rb:22:in `call'
activesupport (5.1.3) lib/active_support/cache/strategy/local_cache_middleware.rb:27:in `call'
actionpack (5.1.3) lib/action_dispatch/middleware/executor.rb:12:in `call'
actionpack (5.1.3) lib/action_dispatch/middleware/static.rb:125:in `call'
rack (2.0.3) lib/rack/sendfile.rb:111:in `call'
railties (5.1.3) lib/rails/engine.rb:522:in `call'
puma (3.9.1) lib/puma/configuration.rb:224:in `call'
puma (3.9.1) lib/puma/server.rb:602:in `handle_request'
puma (3.9.1) lib/puma/server.rb:435:in `process_client'
puma (3.9.1) lib/puma/server.rb:299:in `block in run'
puma (3.9.1) lib/puma/thread_pool.rb:120:in `block in spawn_thread'
Started POST "/products/1/orders" for 127.0.0.1 at 2019-10-01 12:55:56 -0300
Processing by OrdersController#create as HTML
  Parameters: {"authenticity_token"=>"im8M5NwcAu8mtA/b2TSHbtdCnMo3J8XeQoctUDb02dxrU5mzvJrmHJnrxiIuWhYoRyGc13uFdzFkI2x4qv8P6w==", "product_id"=>"1"}
  [1m[36mUser Load (1.7ms)[0m  [1m[34mSELECT  "users".* FROM "users" WHERE "users"."id" = $1 ORDER BY "users"."id" ASC LIMIT $2[0m  [["id", 1], ["LIMIT", 1]]
  [1m[36mProduct Load (0.8ms)[0m  [1m[34mSELECT  "products".* FROM "products" WHERE "products"."id" = $1 LIMIT $2[0m  [["id", 1], ["LIMIT", 1]]
  [1m[36mOrder Load (1.2ms)[0m  [1m[34mSELECT  "orders".* FROM "orders" WHERE "orders"."user_id" = 1 AND "orders"."product_id" = 1 AND "orders"."payed" = $1 AND "orders"."price" = $2 LIMIT $3[0m  [["payed", "f"], ["price", 40], ["LIMIT", 1]]
  [1m[35m (0.2ms)[0m  [1m[35mBEGIN[0m
  [1m[35mSQL (2.0ms)[0m  [1m[32mINSERT INTO "orders" ("user_id", "product_id", "created_at", "updated_at", "price") VALUES ($1, $2, $3, $4, $5) RETURNING "id"[0m  [["user_id", 1], ["product_id", 1], ["created_at", "2019-10-01 15:55:56.849554"], ["updated_at", "2019-10-01 15:55:56.849554"], ["price", 40]]
  [1m[35m (334.2ms)[0m  [1m[35mCOMMIT[0m
  [1m[35m (0.6ms)[0m  [1m[35mBEGIN[0m
  [1m[35mSQL (1.9ms)[0m  [1m[33mUPDATE "orders" SET "updated_at" = $1, "quantity" = $2 WHERE "orders"."id" = $3[0m  [["updated_at", "2019-10-01 15:55:57.191938"], ["quantity", 1], ["id", 1]]
  [1m[35m (169.4ms)[0m  [1m[35mCOMMIT[0m
Redirected to http://localhost:3000/products
Completed 302 Found in 562ms (ActiveRecord: 516.3ms)


Started GET "/products" for 127.0.0.1 at 2019-10-01 12:55:57 -0300
Processing by ProductsController#index as HTML
  Rendering products/index.html.erb within layouts/application
  [1m[35m (1.3ms)[0m  [1m[34mSELECT COUNT(*) FROM "products"[0m
  [1m[36mProduct Load (1.3ms)[0m  [1m[34mSELECT "products".* FROM "products"[0m
  Rendered products/index.html.erb within layouts/application (23.6ms)
  [1m[36mUser Load (0.6ms)[0m  [1m[34mSELECT  "users".* FROM "users" WHERE "users"."id" = $1 ORDER BY "users"."id" ASC LIMIT $2[0m  [["id", 1], ["LIMIT", 1]]
Completed 200 OK in 76ms (Views: 69.0ms | ActiveRecord: 3.2ms)


Started GET "/orders" for 127.0.0.1 at 2019-10-01 12:55:59 -0300
Processing by OrdersController#index as HTML
  [1m[36mUser Load (4.1ms)[0m  [1m[34mSELECT  "users".* FROM "users" WHERE "users"."id" = $1 ORDER BY "users"."id" ASC LIMIT $2[0m  [["id", 1], ["LIMIT", 1]]
  [1m[35m (2.2ms)[0m  [1m[34mSELECT price * quantity FROM "orders" WHERE "orders"."user_id" = $1 AND "orders"."payed" = $2[0m  [["user_id", 1], ["payed", "f"]]
  Rendering orders/index.html.erb within layouts/application
  [1m[35m (2.5ms)[0m  [1m[34mSELECT COUNT(*) FROM "orders" WHERE "orders"."user_id" = $1 AND "orders"."payed" = $2[0m  [["user_id", 1], ["payed", "f"]]
  [1m[36mOrder Load (1.9ms)[0m  [1m[34mSELECT "orders".* FROM "orders" WHERE "orders"."user_id" = $1 AND "orders"."payed" = $2[0m  [["user_id", 1], ["payed", "f"]]
  [1m[36mProduct Load (2.7ms)[0m  [1m[34mSELECT  "products".* FROM "products" WHERE "products"."id" = $1 LIMIT $2[0m  [["id", 1], ["LIMIT", 1]]
  Rendered orders/index.html.erb within layouts/application (24.3ms)
Completed 200 OK in 82ms (Views: 50.0ms | ActiveRecord: 13.5ms)


Started GET "/orders/clean" for 127.0.0.1 at 2019-10-01 12:56:04 -0300
Processing by OrdersController#clean as HTML
  [1m[36mUser Load (2.2ms)[0m  [1m[34mSELECT  "users".* FROM "users" WHERE "users"."id" = $1 ORDER BY "users"."id" ASC LIMIT $2[0m  [["id", 1], ["LIMIT", 1]]
  [1m[36mOrder Load (1.2ms)[0m  [1m[34mSELECT "orders".* FROM "orders" WHERE "orders"."user_id" = 1 AND "orders"."payed" = $1[0m  [["payed", "f"]]
  [1m[35m (0.5ms)[0m  [1m[35mBEGIN[0m
  [1m[35mSQL (3.0ms)[0m  [1m[31mDELETE FROM "orders" WHERE "orders"."id" = $1[0m  [["id", 1]]
  [1m[35m (390.0ms)[0m  [1m[35mCOMMIT[0m
Redirected to http://localhost:3000/orders
Completed 302 Found in 415ms (ActiveRecord: 396.8ms)


Started GET "/orders" for 127.0.0.1 at 2019-10-01 12:56:05 -0300
Processing by OrdersController#index as HTML
  [1m[36mUser Load (1.3ms)[0m  [1m[34mSELECT  "users".* FROM "users" WHERE "users"."id" = $1 ORDER BY "users"."id" ASC LIMIT $2[0m  [["id", 1], ["LIMIT", 1]]
  [1m[35m (1.6ms)[0m  [1m[34mSELECT price * quantity FROM "orders" WHERE "orders"."user_id" = $1 AND "orders"."payed" = $2[0m  [["user_id", 1], ["payed", "f"]]
  Rendering orders/index.html.erb within layouts/application
  [1m[35m (2.1ms)[0m  [1m[34mSELECT COUNT(*) FROM "orders" WHERE "orders"."user_id" = $1 AND "orders"."payed" = $2[0m  [["user_id", 1], ["payed", "f"]]
  Rendered orders/index.html.erb within layouts/application (6.6ms)
Completed 200 OK in 85ms (Views: 67.1ms | ActiveRecord: 5.0ms)


Started GET "/" for 127.0.0.1 at 2019-10-01 12:56:10 -0300
Processing by ProductsController#index as HTML
  Rendering products/index.html.erb within layouts/application
  [1m[35m (1.1ms)[0m  [1m[34mSELECT COUNT(*) FROM "products"[0m
  [1m[36mProduct Load (0.4ms)[0m  [1m[34mSELECT "products".* FROM "products"[0m
  Rendered products/index.html.erb within layouts/application (9.7ms)
  [1m[36mUser Load (0.6ms)[0m  [1m[34mSELECT  "users".* FROM "users" WHERE "users"."id" = $1 ORDER BY "users"."id" ASC LIMIT $2[0m  [["id", 1], ["LIMIT", 1]]
Completed 200 OK in 45ms (Views: 37.1ms | ActiveRecord: 2.1ms)


Started DELETE "/users/sign_out" for 127.0.0.1 at 2019-10-01 12:56:15 -0300
  
SyntaxError (/home/hector/.rvm/gems/ruby-2.6.3/bundler/gems/devise-71fc5b351a8e/app/controllers/devise/sessions_controller.rb:5: syntax error, unexpected '{', expecting end
...ion only: [:create, :destroy] { request.env["devise.skip_tim...
...                              ^
/home/hector/.rvm/gems/ruby-2.6.3/bundler/gems/devise-71fc5b351a8e/app/controllers/devise/sessions_controller.rb:5: syntax error, unexpected '}', expecting end
..."devise.skip_timeout"] = true }
...                              ^):
  
/home/hector/.rvm/gems/ruby-2.6.3/bundler/gems/devise-71fc5b351a8e/app/controllers/devise/sessions_controller.rb:5: syntax error, unexpected '{', expecting end
...ion only: [:create, :destroy] { request.env["devise.skip_tim...
...                              ^
/home/hector/.rvm/gems/ruby-2.6.3/bundler/gems/devise-71fc5b351a8e/app/controllers/devise/sessions_controller.rb:5: syntax error, unexpected '}', expecting end
..."devise.skip_timeout"] = true }
...                              ^
activesupport (5.1.3) lib/active_support/dependencies.rb:476:in `load'
activesupport (5.1.3) lib/active_support/dependencies.rb:476:in `block in load_file'
activesupport (5.1.3) lib/active_support/dependencies.rb:661:in `new_constants_in'
activesupport (5.1.3) lib/active_support/dependencies.rb:475:in `load_file'
activesupport (5.1.3) lib/active_support/dependencies.rb:374:in `block in require_or_load'
activesupport (5.1.3) lib/active_support/dependencies.rb:36:in `block in load_interlock'
activesupport (5.1.3) lib/active_support/dependencies/interlock.rb:12:in `block in loading'
activesupport (5.1.3) lib/active_support/concurrency/share_lock.rb:149:in `exclusive'
activesupport (5.1.3) lib/active_support/dependencies/interlock.rb:11:in `loading'
activesupport (5.1.3) lib/active_support/dependencies.rb:36:in `load_interlock'
activesupport (5.1.3) lib/active_support/dependencies.rb:357:in `require_or_load'
activesupport (5.1.3) lib/active_support/dependencies.rb:510:in `load_missing_constant'
activesupport (5.1.3) lib/active_support/dependencies.rb:202:in `const_missing'
activesupport (5.1.3) lib/active_support/inflector/methods.rb:271:in `const_get'
activesupport (5.1.3) lib/active_support/inflector/methods.rb:271:in `block in constantize'
activesupport (5.1.3) lib/active_support/inflector/methods.rb:267:in `each'
activesupport (5.1.3) lib/active_support/inflector/methods.rb:267:in `inject'
activesupport (5.1.3) lib/active_support/inflector/methods.rb:267:in `constantize'
activesupport (5.1.3) lib/active_support/dependencies.rb:582:in `get'
activesupport (5.1.3) lib/active_support/dependencies.rb:613:in `constantize'
actionpack (5.1.3) lib/action_dispatch/http/request.rb:82:in `controller_class'
actionpack (5.1.3) lib/action_dispatch/routing/route_set.rb:43:in `controller'
actionpack (5.1.3) lib/action_dispatch/routing/route_set.rb:29:in `serve'
actionpack (5.1.3) lib/action_dispatch/routing/mapper.rb:16:in `block in <class:Constraints>'
actionpack (5.1.3) lib/action_dispatch/routing/mapper.rb:46:in `serve'
actionpack (5.1.3) lib/action_dispatch/journey/router.rb:46:in `block in serve'
actionpack (5.1.3) lib/action_dispatch/journey/router.rb:33:in `each'
actionpack (5.1.3) lib/action_dispatch/journey/router.rb:33:in `serve'
actionpack (5.1.3) lib/action_dispatch/routing/route_set.rb:834:in `call'
warden (1.2.7) lib/warden/manager.rb:36:in `block in call'
warden (1.2.7) lib/warden/manager.rb:35:in `catch'
warden (1.2.7) lib/warden/manager.rb:35:in `call'
rack (2.0.3) lib/rack/etag.rb:25:in `call'
rack (2.0.3) lib/rack/conditional_get.rb:38:in `call'
rack (2.0.3) lib/rack/head.rb:12:in `call'
rack (2.0.3) lib/rack/session/abstract/id.rb:232:in `context'
rack (2.0.3) lib/rack/session/abstract/id.rb:226:in `call'
actionpack (5.1.3) lib/action_dispatch/middleware/cookies.rb:613:in `call'
activerecord (5.1.3) lib/active_record/migration.rb:556:in `call'
actionpack (5.1.3) lib/action_dispatch/middleware/callbacks.rb:26:in `block in call'
activesupport (5.1.3) lib/active_support/callbacks.rb:97:in `run_callbacks'
actionpack (5.1.3) lib/action_dispatch/middleware/callbacks.rb:24:in `call'
actionpack (5.1.3) lib/action_dispatch/middleware/executor.rb:12:in `call'
actionpack (5.1.3) lib/action_dispatch/middleware/debug_exceptions.rb:59:in `call'
web-console (3.5.1) lib/web_console/middleware.rb:135:in `call_app'
web-console (3.5.1) lib/web_console/middleware.rb:28:in `block in call'
web-console (3.5.1) lib/web_console/middleware.rb:18:in `catch'
web-console (3.5.1) lib/web_console/middleware.rb:18:in `call'
actionpack (5.1.3) lib/action_dispatch/middleware/show_exceptions.rb:31:in `call'
railties (5.1.3) lib/rails/rack/logger.rb:36:in `call_app'
railties (5.1.3) lib/rails/rack/logger.rb:24:in `block in call'
activesupport (5.1.3) lib/active_support/tagged_logging.rb:69:in `block in tagged'
activesupport (5.1.3) lib/active_support/tagged_logging.rb:26:in `tagged'
activesupport (5.1.3) lib/active_support/tagged_logging.rb:69:in `tagged'
railties (5.1.3) lib/rails/rack/logger.rb:24:in `call'
sprockets-rails (3.2.0) lib/sprockets/rails/quiet_assets.rb:13:in `call'
actionpack (5.1.3) lib/action_dispatch/middleware/remote_ip.rb:79:in `call'
actionpack (5.1.3) lib/action_dispatch/middleware/request_id.rb:25:in `call'
rack (2.0.3) lib/rack/method_override.rb:22:in `call'
rack (2.0.3) lib/rack/runtime.rb:22:in `call'
activesupport (5.1.3) lib/active_support/cache/strategy/local_cache_middleware.rb:27:in `call'
actionpack (5.1.3) lib/action_dispatch/middleware/executor.rb:12:in `call'
actionpack (5.1.3) lib/action_dispatch/middleware/static.rb:125:in `call'
rack (2.0.3) lib/rack/sendfile.rb:111:in `call'
railties (5.1.3) lib/rails/engine.rb:522:in `call'
puma (3.9.1) lib/puma/configuration.rb:224:in `call'
puma (3.9.1) lib/puma/server.rb:602:in `handle_request'
puma (3.9.1) lib/puma/server.rb:435:in `process_client'
puma (3.9.1) lib/puma/server.rb:299:in `block in run'
puma (3.9.1) lib/puma/thread_pool.rb:120:in `block in spawn_thread'
Started POST "/products/2/orders" for 127.0.0.1 at 2019-10-01 12:57:10 -0300
Processing by OrdersController#create as HTML
  Parameters: {"authenticity_token"=>"QQArZq6CkzDj9hU5tRcXwNTu4Ecgwyfi8dvK7RNWRJOgPL4xzgR3w1yp3MBCeYaGRI3gWmxhlQ3Xf4vFj12SpA==", "product_id"=>"2"}
  [1m[36mUser Load (2.6ms)[0m  [1m[34mSELECT  "users".* FROM "users" WHERE "users"."id" = $1 ORDER BY "users"."id" ASC LIMIT $2[0m  [["id", 1], ["LIMIT", 1]]
  [1m[36mProduct Load (0.9ms)[0m  [1m[34mSELECT  "products".* FROM "products" WHERE "products"."id" = $1 LIMIT $2[0m  [["id", 2], ["LIMIT", 1]]
  [1m[36mOrder Load (1.5ms)[0m  [1m[34mSELECT  "orders".* FROM "orders" WHERE "orders"."user_id" = 1 AND "orders"."product_id" = 2 AND "orders"."payed" = $1 AND "orders"."price" = $2 LIMIT $3[0m  [["payed", "f"], ["price", 47], ["LIMIT", 1]]
  [1m[35m (0.6ms)[0m  [1m[35mBEGIN[0m
  [1m[35mSQL (0.8ms)[0m  [1m[32mINSERT INTO "orders" ("user_id", "product_id", "created_at", "updated_at", "price") VALUES ($1, $2, $3, $4, $5) RETURNING "id"[0m  [["user_id", 1], ["product_id", 2], ["created_at", "2019-10-01 15:57:10.311872"], ["updated_at", "2019-10-01 15:57:10.311872"], ["price", 47]]
  [1m[35m (18.2ms)[0m  [1m[35mCOMMIT[0m
  [1m[35m (0.2ms)[0m  [1m[35mBEGIN[0m
  [1m[35mSQL (0.4ms)[0m  [1m[33mUPDATE "orders" SET "updated_at" = $1, "quantity" = $2 WHERE "orders"."id" = $3[0m  [["updated_at", "2019-10-01 15:57:10.333243"], ["quantity", 1], ["id", 2]]
  [1m[35m (13.4ms)[0m  [1m[35mCOMMIT[0m
Redirected to http://localhost:3000/products
Completed 302 Found in 54ms (ActiveRecord: 38.5ms)


Started GET "/products" for 127.0.0.1 at 2019-10-01 12:57:10 -0300
Processing by ProductsController#index as HTML
  Rendering products/index.html.erb within layouts/application
  [1m[35m (0.3ms)[0m  [1m[34mSELECT COUNT(*) FROM "products"[0m
  [1m[36mProduct Load (0.3ms)[0m  [1m[34mSELECT "products".* FROM "products"[0m
  Rendered products/index.html.erb within layouts/application (5.4ms)
  [1m[36mUser Load (0.6ms)[0m  [1m[34mSELECT  "users".* FROM "users" WHERE "users"."id" = $1 ORDER BY "users"."id" ASC LIMIT $2[0m  [["id", 1], ["LIMIT", 1]]
Completed 200 OK in 30ms (Views: 27.5ms | ActiveRecord: 1.2ms)


Started POST "/products/7/orders" for 127.0.0.1 at 2019-10-01 12:57:11 -0300
Processing by OrdersController#create as HTML
  Parameters: {"authenticity_token"=>"J7L6cO2zCj6uY5+zC8cby0nbp+oehDJs/Q4pCMMa0iTGjm8njTXuzRE8Vkr8qYqN2bin91ImgIPbqmggXxEEEw==", "product_id"=>"7"}
  [1m[36mUser Load (1.5ms)[0m  [1m[34mSELECT  "users".* FROM "users" WHERE "users"."id" = $1 ORDER BY "users"."id" ASC LIMIT $2[0m  [["id", 1], ["LIMIT", 1]]
  [1m[36mProduct Load (1.3ms)[0m  [1m[34mSELECT  "products".* FROM "products" WHERE "products"."id" = $1 LIMIT $2[0m  [["id", 7], ["LIMIT", 1]]
  [1m[36mOrder Load (1.6ms)[0m  [1m[34mSELECT  "orders".* FROM "orders" WHERE "orders"."user_id" = 1 AND "orders"."product_id" = 7 AND "orders"."payed" = $1 AND "orders"."price" = $2 LIMIT $3[0m  [["payed", "f"], ["price", 83], ["LIMIT", 1]]
  [1m[35m (0.6ms)[0m  [1m[35mBEGIN[0m
  [1m[35mSQL (1.1ms)[0m  [1m[32mINSERT INTO "orders" ("user_id", "product_id", "created_at", "updated_at", "price") VALUES ($1, $2, $3, $4, $5) RETURNING "id"[0m  [["user_id", 1], ["product_id", 7], ["created_at", "2019-10-01 15:57:11.873645"], ["updated_at", "2019-10-01 15:57:11.873645"], ["price", 83]]
  [1m[35m (102.7ms)[0m  [1m[35mCOMMIT[0m
  [1m[35m (0.6ms)[0m  [1m[35mBEGIN[0m
  [1m[35mSQL (1.4ms)[0m  [1m[33mUPDATE "orders" SET "updated_at" = $1, "quantity" = $2 WHERE "orders"."id" = $3[0m  [["updated_at", "2019-10-01 15:57:11.984859"], ["quantity", 1], ["id", 3]]
  [1m[35m (17.8ms)[0m  [1m[35mCOMMIT[0m
Redirected to http://localhost:3000/products
Completed 302 Found in 165ms (ActiveRecord: 128.6ms)


Started GET "/products" for 127.0.0.1 at 2019-10-01 12:57:12 -0300
Processing by ProductsController#index as HTML
  Rendering products/index.html.erb within layouts/application
  [1m[35m (1.1ms)[0m  [1m[34mSELECT COUNT(*) FROM "products"[0m
  [1m[36mProduct Load (1.0ms)[0m  [1m[34mSELECT "products".* FROM "products"[0m
  Rendered products/index.html.erb within layouts/application (16.8ms)
  [1m[36mUser Load (0.9ms)[0m  [1m[34mSELECT  "users".* FROM "users" WHERE "users"."id" = $1 ORDER BY "users"."id" ASC LIMIT $2[0m  [["id", 1], ["LIMIT", 1]]
Completed 200 OK in 86ms (Views: 79.3ms | ActiveRecord: 3.0ms)


Started POST "/products/8/orders" for 127.0.0.1 at 2019-10-01 12:57:14 -0300
Processing by OrdersController#create as HTML
  Parameters: {"authenticity_token"=>"RBN9eHUzYe2OZaBn3HAKDMvTYljiz5WRQf1EpoIl4dKlL+gvFbWFHjE6aZ4rHptKW7BiRa5tJ35nWQWOHi435Q==", "product_id"=>"8"}
  [1m[36mUser Load (1.8ms)[0m  [1m[34mSELECT  "users".* FROM "users" WHERE "users"."id" = $1 ORDER BY "users"."id" ASC LIMIT $2[0m  [["id", 1], ["LIMIT", 1]]
  [1m[36mProduct Load (1.8ms)[0m  [1m[34mSELECT  "products".* FROM "products" WHERE "products"."id" = $1 LIMIT $2[0m  [["id", 8], ["LIMIT", 1]]
  [1m[36mOrder Load (1.9ms)[0m  [1m[34mSELECT  "orders".* FROM "orders" WHERE "orders"."user_id" = 1 AND "orders"."product_id" = 8 AND "orders"."payed" = $1 AND "orders"."price" = $2 LIMIT $3[0m  [["payed", "f"], ["price", 92], ["LIMIT", 1]]
  [1m[35m (0.4ms)[0m  [1m[35mBEGIN[0m
  [1m[35mSQL (0.9ms)[0m  [1m[32mINSERT INTO "orders" ("user_id", "product_id", "created_at", "updated_at", "price") VALUES ($1, $2, $3, $4, $5) RETURNING "id"[0m  [["user_id", 1], ["product_id", 8], ["created_at", "2019-10-01 15:57:14.406541"], ["updated_at", "2019-10-01 15:57:14.406541"], ["price", 92]]
  [1m[35m (112.5ms)[0m  [1m[35mCOMMIT[0m
  [1m[35m (0.6ms)[0m  [1m[35mBEGIN[0m
  [1m[35mSQL (1.3ms)[0m  [1m[33mUPDATE "orders" SET "updated_at" = $1, "quantity" = $2 WHERE "orders"."id" = $3[0m  [["updated_at", "2019-10-01 15:57:14.526429"], ["quantity", 1], ["id", 4]]
  [1m[35m (17.7ms)[0m  [1m[35mCOMMIT[0m
Redirected to http://localhost:3000/products
Completed 302 Found in 170ms (ActiveRecord: 138.9ms)


Started GET "/products" for 127.0.0.1 at 2019-10-01 12:57:14 -0300
Processing by ProductsController#index as HTML
  Rendering products/index.html.erb within layouts/application
  [1m[35m (1.5ms)[0m  [1m[34mSELECT COUNT(*) FROM "products"[0m
  [1m[36mProduct Load (1.0ms)[0m  [1m[34mSELECT "products".* FROM "products"[0m
  Rendered products/index.html.erb within layouts/application (17.7ms)
  [1m[36mUser Load (0.7ms)[0m  [1m[34mSELECT  "users".* FROM "users" WHERE "users"."id" = $1 ORDER BY "users"."id" ASC LIMIT $2[0m  [["id", 1], ["LIMIT", 1]]
Completed 200 OK in 76ms (Views: 68.3ms | ActiveRecord: 3.2ms)


Started POST "/products/11/orders" for 127.0.0.1 at 2019-10-01 12:57:16 -0300
Processing by OrdersController#create as HTML
  Parameters: {"authenticity_token"=>"nGDYLNFBp3YBCBIqV1lQUDXpAvurcHpzZ4vtKxu3kUh9XE17scdDhb5X29OgN8EWpYoC5ufSyJxBL6wDh7xHfw==", "product_id"=>"11"}
  [1m[36mUser Load (2.3ms)[0m  [1m[34mSELECT  "users".* FROM "users" WHERE "users"."id" = $1 ORDER BY "users"."id" ASC LIMIT $2[0m  [["id", 1], ["LIMIT", 1]]
  [1m[36mProduct Load (1.3ms)[0m  [1m[34mSELECT  "products".* FROM "products" WHERE "products"."id" = $1 LIMIT $2[0m  [["id", 11], ["LIMIT", 1]]
  [1m[36mOrder Load (1.3ms)[0m  [1m[34mSELECT  "orders".* FROM "orders" WHERE "orders"."user_id" = 1 AND "orders"."product_id" = 11 AND "orders"."payed" = $1 AND "orders"."price" = $2 LIMIT $3[0m  [["payed", "f"], ["price", 92], ["LIMIT", 1]]
  [1m[35m (0.2ms)[0m  [1m[35mBEGIN[0m
  [1m[35mSQL (0.9ms)[0m  [1m[32mINSERT INTO "orders" ("user_id", "product_id", "created_at", "updated_at", "price") VALUES ($1, $2, $3, $4, $5) RETURNING "id"[0m  [["user_id", 1], ["product_id", 11], ["created_at", "2019-10-01 15:57:17.016356"], ["updated_at", "2019-10-01 15:57:17.016356"], ["price", 92]]
  [1m[35m (108.1ms)[0m  [1m[35mCOMMIT[0m
  [1m[35m (0.5ms)[0m  [1m[35mBEGIN[0m
  [1m[35mSQL (1.7ms)[0m  [1m[33mUPDATE "orders" SET "updated_at" = $1, "quantity" = $2 WHERE "orders"."id" = $3[0m  [["updated_at", "2019-10-01 15:57:17.130912"], ["quantity", 1], ["id", 5]]
  [1m[35m (19.4ms)[0m  [1m[35mCOMMIT[0m
Redirected to http://localhost:3000/products
Completed 302 Found in 161ms (ActiveRecord: 135.7ms)


Started GET "/products" for 127.0.0.1 at 2019-10-01 12:57:17 -0300
Processing by ProductsController#index as HTML
  Rendering products/index.html.erb within layouts/application
  [1m[35m (1.3ms)[0m  [1m[34mSELECT COUNT(*) FROM "products"[0m
  [1m[36mProduct Load (1.4ms)[0m  [1m[34mSELECT "products".* FROM "products"[0m
  Rendered products/index.html.erb within layouts/application (19.9ms)
  [1m[36mUser Load (0.7ms)[0m  [1m[34mSELECT  "users".* FROM "users" WHERE "users"."id" = $1 ORDER BY "users"."id" ASC LIMIT $2[0m  [["id", 1], ["LIMIT", 1]]
Completed 200 OK in 85ms (Views: 77.6ms | ActiveRecord: 3.4ms)


Started POST "/products/9/orders" for 127.0.0.1 at 2019-10-01 12:57:20 -0300
Processing by OrdersController#create as HTML
  Parameters: {"authenticity_token"=>"VugOUXzqCzsaInvW2UIA/H//w/19Fj7Wn4ZrwaHc+WK31JsGHGzvyKV9si8uLJG675zD4DG0jDm5IirpPdcvVQ==", "product_id"=>"9"}
  [1m[36mUser Load (1.9ms)[0m  [1m[34mSELECT  "users".* FROM "users" WHERE "users"."id" = $1 ORDER BY "users"."id" ASC LIMIT $2[0m  [["id", 1], ["LIMIT", 1]]
  [1m[36mProduct Load (0.6ms)[0m  [1m[34mSELECT  "products".* FROM "products" WHERE "products"."id" = $1 LIMIT $2[0m  [["id", 9], ["LIMIT", 1]]
  [1m[36mOrder Load (0.8ms)[0m  [1m[34mSELECT  "orders".* FROM "orders" WHERE "orders"."user_id" = 1 AND "orders"."product_id" = 9 AND "orders"."payed" = $1 AND "orders"."price" = $2 LIMIT $3[0m  [["payed", "f"], ["price", 69], ["LIMIT", 1]]
  [1m[35m (0.2ms)[0m  [1m[35mBEGIN[0m
  [1m[35mSQL (0.7ms)[0m  [1m[32mINSERT INTO "orders" ("user_id", "product_id", "created_at", "updated_at", "price") VALUES ($1, $2, $3, $4, $5) RETURNING "id"[0m  [["user_id", 1], ["product_id", 9], ["created_at", "2019-10-01 15:57:20.378792"], ["updated_at", "2019-10-01 15:57:20.378792"], ["price", 69]]
  [1m[35m (19.0ms)[0m  [1m[35mCOMMIT[0m
  [1m[35m (0.2ms)[0m  [1m[35mBEGIN[0m
  [1m[35mSQL (0.5ms)[0m  [1m[33mUPDATE "orders" SET "updated_at" = $1, "quantity" = $2 WHERE "orders"."id" = $3[0m  [["updated_at", "2019-10-01 15:57:20.401388"], ["quantity", 1], ["id", 6]]
  [1m[35m (12.4ms)[0m  [1m[35mCOMMIT[0m
Redirected to http://localhost:3000/products
Completed 302 Found in 59ms (ActiveRecord: 36.2ms)


Started GET "/products" for 127.0.0.1 at 2019-10-01 12:57:20 -0300
Processing by ProductsController#index as HTML
  Rendering products/index.html.erb within layouts/application
  [1m[35m (0.3ms)[0m  [1m[34mSELECT COUNT(*) FROM "products"[0m
  [1m[36mProduct Load (0.4ms)[0m  [1m[34mSELECT "products".* FROM "products"[0m
  Rendered products/index.html.erb within layouts/application (4.3ms)
  [1m[36mUser Load (0.5ms)[0m  [1m[34mSELECT  "users".* FROM "users" WHERE "users"."id" = $1 ORDER BY "users"."id" ASC LIMIT $2[0m  [["id", 1], ["LIMIT", 1]]
Completed 200 OK in 24ms (Views: 21.3ms | ActiveRecord: 1.3ms)


Started GET "/orders" for 127.0.0.1 at 2019-10-01 12:57:21 -0300
Processing by OrdersController#index as HTML
  [1m[36mUser Load (2.0ms)[0m  [1m[34mSELECT  "users".* FROM "users" WHERE "users"."id" = $1 ORDER BY "users"."id" ASC LIMIT $2[0m  [["id", 1], ["LIMIT", 1]]
  [1m[35m (1.9ms)[0m  [1m[34mSELECT price * quantity FROM "orders" WHERE "orders"."user_id" = $1 AND "orders"."payed" = $2[0m  [["user_id", 1], ["payed", "f"]]
  Rendering orders/index.html.erb within layouts/application
  [1m[35m (2.1ms)[0m  [1m[34mSELECT COUNT(*) FROM "orders" WHERE "orders"."user_id" = $1 AND "orders"."payed" = $2[0m  [["user_id", 1], ["payed", "f"]]
  [1m[36mOrder Load (4.3ms)[0m  [1m[34mSELECT "orders".* FROM "orders" WHERE "orders"."user_id" = $1 AND "orders"."payed" = $2[0m  [["user_id", 1], ["payed", "f"]]
  [1m[36mProduct Load (1.1ms)[0m  [1m[34mSELECT  "products".* FROM "products" WHERE "products"."id" = $1 LIMIT $2[0m  [["id", 2], ["LIMIT", 1]]
  [1m[36mProduct Load (0.5ms)[0m  [1m[34mSELECT  "products".* FROM "products" WHERE "products"."id" = $1 LIMIT $2[0m  [["id", 7], ["LIMIT", 1]]
  [1m[36mProduct Load (0.6ms)[0m  [1m[34mSELECT  "products".* FROM "products" WHERE "products"."id" = $1 LIMIT $2[0m  [["id", 8], ["LIMIT", 1]]
  [1m[36mProduct Load (0.4ms)[0m  [1m[34mSELECT  "products".* FROM "products" WHERE "products"."id" = $1 LIMIT $2[0m  [["id", 11], ["LIMIT", 1]]
  [1m[36mProduct Load (0.4ms)[0m  [1m[34mSELECT  "products".* FROM "products" WHERE "products"."id" = $1 LIMIT $2[0m  [["id", 9], ["LIMIT", 1]]
  Rendered orders/index.html.erb within layouts/application (42.6ms)
Completed 200 OK in 88ms (Views: 58.3ms | ActiveRecord: 13.3ms)


Started GET "/" for 127.0.0.1 at 2019-10-01 14:08:19 -0300
Processing by ProductsController#index as HTML
  Rendering products/index.html.erb within layouts/application
  [1m[35m (1.1ms)[0m  [1m[34mSELECT COUNT(*) FROM "products"[0m
  [1m[36mProduct Load (1.2ms)[0m  [1m[34mSELECT "products".* FROM "products"[0m
  Rendered products/index.html.erb within layouts/application (21.7ms)
  [1m[36mUser Load (0.5ms)[0m  [1m[34mSELECT  "users".* FROM "users" WHERE "users"."id" = $1 ORDER BY "users"."id" ASC LIMIT $2[0m  [["id", 1], ["LIMIT", 1]]
Completed 200 OK in 83ms (Views: 77.8ms | ActiveRecord: 2.9ms)


